-------------------------------------------------------------------------------
Test set: com.tricon.OrderSystem.OrderSystemApplicationTests
-------------------------------------------------------------------------------
Tests run: 1, Failures: 0, Errors: 1, Skipped: 0, Time elapsed: 8.713 s <<< FAILURE! - in com.tricon.OrderSystem.OrderSystemApplicationTests
contextLoads(com.tricon.OrderSystem.OrderSystemApplicationTests)  Time elapsed: 0.002 s  <<< ERROR!
java.lang.IllegalStateException: Failed to load ApplicationContext
Caused by: org.springframework.beans.factory.BeanCreationException: 
Error creating bean with name 'schemaParser' defined in class path resource [com/oembedler/moon/graphql/boot/GraphQLJavaToolsAutoConfiguration.class]: Bean instantiation via factory method failed; nested exception is org.springframework.beans.BeanInstantiationException: Failed to instantiate [com.coxautodev.graphql.tools.SchemaParser]: Factory method 'schemaParser' threw exception; nested exception is com.coxautodev.graphql.tools.FieldResolverError: No method or field found with any of the following signatures (with or without one of [interface graphql.schema.DataFetchingEnvironment] as the last argument), in priority order:

  com.tricon.OrderSystem.resolvers.Query.getAllCustomers()
  com.tricon.OrderSystem.resolvers.Query.getGetAllCustomers()
  com.tricon.OrderSystem.resolvers.Query.getAllCustomers
Caused by: org.springframework.beans.BeanInstantiationException: 
Failed to instantiate [com.coxautodev.graphql.tools.SchemaParser]: Factory method 'schemaParser' threw exception; nested exception is com.coxautodev.graphql.tools.FieldResolverError: No method or field found with any of the following signatures (with or without one of [interface graphql.schema.DataFetchingEnvironment] as the last argument), in priority order:

  com.tricon.OrderSystem.resolvers.Query.getAllCustomers()
  com.tricon.OrderSystem.resolvers.Query.getGetAllCustomers()
  com.tricon.OrderSystem.resolvers.Query.getAllCustomers
Caused by: com.coxautodev.graphql.tools.FieldResolverError: 
No method or field found with any of the following signatures (with or without one of [interface graphql.schema.DataFetchingEnvironment] as the last argument), in priority order:

  com.tricon.OrderSystem.resolvers.Query.getAllCustomers()
  com.tricon.OrderSystem.resolvers.Query.getGetAllCustomers()
  com.tricon.OrderSystem.resolvers.Query.getAllCustomers

