<?xml version="1.0" encoding="UTF-8"?>
<testsuite xmlns:xsi="http://www.w3.org/2001/XMLSchema-instance" xsi:noNamespaceSchemaLocation="https://maven.apache.org/surefire/maven-surefire-plugin/xsd/surefire-test-report.xsd" name="com.tricon.OrderSystem.OrderSystemApplicationTests" time="8.713" tests="1" errors="1" skipped="0" failures="0">
  <properties>
[...]
</properties>
  <testcase name="contextLoads" classname="com.tricon.OrderSystem.OrderSystemApplicationTests" time="0.002">
    <error message="Failed to load ApplicationContext" type="java.lang.IllegalStateException">java.lang.IllegalStateException: Failed to load ApplicationContext
Caused by: org.springframework.beans.factory.BeanCreationException: 
Error creating bean with name 'schemaParser' defined in class path resource [com/oembedler/moon/graphql/boot/GraphQLJavaToolsAutoConfiguration.class]: Bean instantiation via factory method failed; nested exception is org.springframework.beans.BeanInstantiationException: Failed to instantiate [com.coxautodev.graphql.tools.SchemaParser]: Factory method 'schemaParser' threw exception; nested exception is com.coxautodev.graphql.tools.FieldResolverError: No method or field found with any of the following signatures (with or without one of [interface graphql.schema.DataFetchingEnvironment] as the last argument), in priority order:

  com.tricon.OrderSystem.resolvers.Query.getAllCustomers()
  com.tricon.OrderSystem.resolvers.Query.getGetAllCustomers()
  com.tricon.OrderSystem.resolvers.Query.getAllCustomers
Caused by: org.springframework.beans.BeanInstantiationException: 
Failed to instantiate [com.coxautodev.graphql.tools.SchemaParser]: Factory method 'schemaParser' threw exception; nested exception is com.coxautodev.graphql.tools.FieldResolverError: No method or field found with any of the following signatures (with or without one of [interface graphql.schema.DataFetchingEnvironment] as the last argument), in priority order:

  com.tricon.OrderSystem.resolvers.Query.getAllCustomers()
  com.tricon.OrderSystem.resolvers.Query.getGetAllCustomers()
  com.tricon.OrderSystem.resolvers.Query.getAllCustomers
Caused by: com.coxautodev.graphql.tools.FieldResolverError: 
No method or field found with any of the following signatures (with or without one of [interface graphql.schema.DataFetchingEnvironment] as the last argument), in priority order:

  com.tricon.OrderSystem.resolvers.Query.getAllCustomers()
  com.tricon.OrderSystem.resolvers.Query.getGetAllCustomers()
  com.tricon.OrderSystem.resolvers.Query.getAllCustomers
</error>
    <system-out><![CDATA[11:35:44.266 [main] DEBUG org.springframework.test.context.junit4.SpringJUnit4ClassRunner - SpringJUnit4ClassRunner constructor called with [class com.tricon.OrderSystem.OrderSystemApplicationTests]
11:35:44.273 [main] DEBUG org.springframework.test.context.BootstrapUtils - Instantiating CacheAwareContextLoaderDelegate from class [org.springframework.test.context.cache.DefaultCacheAwareContextLoaderDelegate]
11:35:44.288 [main] DEBUG org.springframework.test.context.BootstrapUtils - Instantiating BootstrapContext using constructor [public org.springframework.test.context.support.DefaultBootstrapContext(java.lang.Class,org.springframework.test.context.CacheAwareContextLoaderDelegate)]
11:35:44.320 [main] DEBUG org.springframework.test.context.BootstrapUtils - Instantiating TestContextBootstrapper for test class [com.tricon.OrderSystem.OrderSystemApplicationTests] from class [org.springframework.boot.test.context.SpringBootTestContextBootstrapper]
11:35:44.341 [main] INFO org.springframework.boot.test.context.SpringBootTestContextBootstrapper - Neither @ContextConfiguration nor @ContextHierarchy found for test class [com.tricon.OrderSystem.OrderSystemApplicationTests], using SpringBootContextLoader
11:35:44.346 [main] DEBUG org.springframework.test.context.support.AbstractContextLoader - Did not detect default resource location for test class [com.tricon.OrderSystem.OrderSystemApplicationTests]: class path resource [com/tricon/OrderSystem/OrderSystemApplicationTests-context.xml] does not exist
11:35:44.347 [main] DEBUG org.springframework.test.context.support.AbstractContextLoader - Did not detect default resource location for test class [com.tricon.OrderSystem.OrderSystemApplicationTests]: class path resource [com/tricon/OrderSystem/OrderSystemApplicationTestsContext.groovy] does not exist
11:35:44.348 [main] INFO org.springframework.test.context.support.AbstractContextLoader - Could not detect default resource locations for test class [com.tricon.OrderSystem.OrderSystemApplicationTests]: no resource found for suffixes {-context.xml, Context.groovy}.
11:35:44.349 [main] INFO org.springframework.test.context.support.AnnotationConfigContextLoaderUtils - Could not detect default configuration classes for test class [com.tricon.OrderSystem.OrderSystemApplicationTests]: OrderSystemApplicationTests does not declare any static, non-private, non-final, nested classes annotated with @Configuration.
11:35:44.424 [main] DEBUG org.springframework.test.context.support.ActiveProfilesUtils - Could not find an 'annotation declaring class' for annotation type [org.springframework.test.context.ActiveProfiles] and class [com.tricon.OrderSystem.OrderSystemApplicationTests]
11:35:44.547 [main] DEBUG org.springframework.context.annotation.ClassPathScanningCandidateComponentProvider - Identified candidate component class: file [C:\Users\harvinder.singh\Downloads\OrderSystem\OrderSystem\target\classes\com\tricon\OrderSystem\OrderSystemApplication.class]
11:35:44.552 [main] INFO org.springframework.boot.test.context.SpringBootTestContextBootstrapper - Found @SpringBootConfiguration com.tricon.OrderSystem.OrderSystemApplication for test class com.tricon.OrderSystem.OrderSystemApplicationTests
11:35:44.699 [main] DEBUG org.springframework.boot.test.context.SpringBootTestContextBootstrapper - @TestExecutionListeners is not present for class [com.tricon.OrderSystem.OrderSystemApplicationTests]: using defaults.
11:35:44.699 [main] INFO org.springframework.boot.test.context.SpringBootTestContextBootstrapper - Loaded default TestExecutionListener class names from location [META-INF/spring.factories]: [org.springframework.boot.test.mock.mockito.MockitoTestExecutionListener, org.springframework.boot.test.mock.mockito.ResetMocksTestExecutionListener, org.springframework.boot.test.autoconfigure.restdocs.RestDocsTestExecutionListener, org.springframework.boot.test.autoconfigure.web.client.MockRestServiceServerResetTestExecutionListener, org.springframework.boot.test.autoconfigure.web.servlet.MockMvcPrintOnlyOnFailureTestExecutionListener, org.springframework.boot.test.autoconfigure.web.servlet.WebDriverTestExecutionListener, org.springframework.test.context.web.ServletTestExecutionListener, org.springframework.test.context.support.DirtiesContextBeforeModesTestExecutionListener, org.springframework.test.context.support.DependencyInjectionTestExecutionListener, org.springframework.test.context.support.DirtiesContextTestExecutionListener, org.springframework.test.context.transaction.TransactionalTestExecutionListener, org.springframework.test.context.jdbc.SqlScriptsTestExecutionListener]
11:35:44.742 [main] INFO org.springframework.boot.test.context.SpringBootTestContextBootstrapper - Using TestExecutionListeners: [org.springframework.test.context.web.ServletTestExecutionListener@799f10e1, org.springframework.test.context.support.DirtiesContextBeforeModesTestExecutionListener@4c371370, org.springframework.boot.test.mock.mockito.MockitoTestExecutionListener@145f66e3, org.springframework.boot.test.autoconfigure.SpringBootDependencyInjectionTestExecutionListener@3023df74, org.springframework.test.context.support.DirtiesContextTestExecutionListener@313ac989, org.springframework.test.context.transaction.TransactionalTestExecutionListener@4562e04d, org.springframework.test.context.jdbc.SqlScriptsTestExecutionListener@2a65fe7c, org.springframework.boot.test.mock.mockito.ResetMocksTestExecutionListener@4135c3b, org.springframework.boot.test.autoconfigure.restdocs.RestDocsTestExecutionListener@6302bbb1, org.springframework.boot.test.autoconfigure.web.client.MockRestServiceServerResetTestExecutionListener@31304f14, org.springframework.boot.test.autoconfigure.web.servlet.MockMvcPrintOnlyOnFailureTestExecutionListener@34a3d150, org.springframework.boot.test.autoconfigure.web.servlet.WebDriverTestExecutionListener@2a4fb17b]
11:35:44.795 [main] DEBUG org.springframework.test.annotation.ProfileValueUtils - Retrieved @ProfileValueSourceConfiguration [null] for test class [com.tricon.OrderSystem.OrderSystemApplicationTests]
11:35:44.796 [main] DEBUG org.springframework.test.annotation.ProfileValueUtils - Retrieved ProfileValueSource type [class org.springframework.test.annotation.SystemProfileValueSource] for class [com.tricon.OrderSystem.OrderSystemApplicationTests]
11:35:44.799 [main] DEBUG org.springframework.test.annotation.ProfileValueUtils - Retrieved @ProfileValueSourceConfiguration [null] for test class [com.tricon.OrderSystem.OrderSystemApplicationTests]
11:35:44.800 [main] DEBUG org.springframework.test.annotation.ProfileValueUtils - Retrieved ProfileValueSource type [class org.springframework.test.annotation.SystemProfileValueSource] for class [com.tricon.OrderSystem.OrderSystemApplicationTests]
11:35:44.802 [main] DEBUG org.springframework.test.annotation.ProfileValueUtils - Retrieved @ProfileValueSourceConfiguration [null] for test class [com.tricon.OrderSystem.OrderSystemApplicationTests]
11:35:44.803 [main] DEBUG org.springframework.test.annotation.ProfileValueUtils - Retrieved ProfileValueSource type [class org.springframework.test.annotation.SystemProfileValueSource] for class [com.tricon.OrderSystem.OrderSystemApplicationTests]
11:35:44.824 [main] DEBUG org.springframework.test.context.support.AbstractDirtiesContextTestExecutionListener - Before test class: context [DefaultTestContext@33d512c1 testClass = OrderSystemApplicationTests, testInstance = [null], testMethod = [null], testException = [null], mergedContextConfiguration = [WebMergedContextConfiguration@515c6049 testClass = OrderSystemApplicationTests, locations = '{}', classes = '{class com.tricon.OrderSystem.OrderSystemApplication}', contextInitializerClasses = '[]', activeProfiles = '{}', propertySourceLocations = '{}', propertySourceProperties = '{org.springframework.boot.test.context.SpringBootTestContextBootstrapper=true}', contextCustomizers = set[org.springframework.boot.test.context.filter.ExcludeFilterContextCustomizer@1d371b2d, org.springframework.boot.test.json.DuplicateJsonObjectContextCustomizerFactory$DuplicateJsonObjectContextCustomizer@51c8530f, org.springframework.boot.test.mock.mockito.MockitoContextCustomizer@0, org.springframework.boot.test.web.client.TestRestTemplateContextCustomizer@704d6e83, org.springframework.boot.test.autoconfigure.properties.PropertyMappingContextCustomizer@0, org.springframework.boot.test.autoconfigure.web.servlet.WebDriverContextCustomizerFactory$Customizer@24a35978], resourceBasePath = 'src/main/webapp', contextLoader = 'org.springframework.boot.test.context.SpringBootContextLoader', parent = [null]], attributes = map['org.springframework.test.context.web.ServletTestExecutionListener.activateListener' -> true]], class annotated with @DirtiesContext [false] with mode [null].
11:35:44.826 [main] DEBUG org.springframework.test.annotation.ProfileValueUtils - Retrieved @ProfileValueSourceConfiguration [null] for test class [com.tricon.OrderSystem.OrderSystemApplicationTests]
11:35:44.826 [main] DEBUG org.springframework.test.annotation.ProfileValueUtils - Retrieved ProfileValueSource type [class org.springframework.test.annotation.SystemProfileValueSource] for class [com.tricon.OrderSystem.OrderSystemApplicationTests]
11:35:44.879 [main] DEBUG org.springframework.test.context.support.TestPropertySourceUtils - Adding inlined properties to environment: {spring.jmx.enabled=false, org.springframework.boot.test.context.SpringBootTestContextBootstrapper=true, server.port=-1}

  .   ____          _            __ _ _
 /\\ / ___'_ __ _ _(_)_ __  __ _ \ \ \ \
( ( )\___ | '_ | '_| | '_ \/ _` | \ \ \ \
 \\/  ___)| |_)| | | | | || (_| |  ) ) ) )
  '  |____| .__|_| |_|_| |_\__, | / / / /
 =========|_|==============|___/=/_/_/_/
 :: Spring Boot ::        (v2.1.6.RELEASE)

2019-07-08 11:35:45.481  INFO 8224 --- [           main] c.t.O.OrderSystemApplicationTests        : Starting OrderSystemApplicationTests on TL87 with PID 8224 (started by harvinder.singh in C:\Users\harvinder.singh\Downloads\OrderSystem\OrderSystem)
2019-07-08 11:35:45.485  INFO 8224 --- [           main] c.t.O.OrderSystemApplicationTests        : No active profile set, falling back to default profiles: default
2019-07-08 11:35:46.933  INFO 8224 --- [           main] .s.d.r.c.RepositoryConfigurationDelegate : Bootstrapping Spring Data repositories in DEFAULT mode.
2019-07-08 11:35:47.266  INFO 8224 --- [           main] .s.d.r.c.RepositoryConfigurationDelegate : Finished Spring Data repository scanning in 322ms. Found 0 repository interfaces.
2019-07-08 11:35:47.275  INFO 8224 --- [           main] .s.d.r.c.RepositoryConfigurationDelegate : Bootstrapping Spring Data repositories in DEFAULT mode.
2019-07-08 11:35:47.402  INFO 8224 --- [           main] .s.d.r.c.RepositoryConfigurationDelegate : Finished Spring Data repository scanning in 126ms. Found 1 repository interfaces.
2019-07-08 11:35:49.559  INFO 8224 --- [           main] org.mongodb.driver.cluster               : Cluster created with settings {hosts=[localhost:27017], mode=MULTIPLE, requiredClusterType=UNKNOWN, serverSelectionTimeout='30000 ms', maxWaitQueueSize=500}
2019-07-08 11:35:49.559  INFO 8224 --- [           main] org.mongodb.driver.cluster               : Adding discovered server localhost:27017 to client view of cluster
2019-07-08 11:35:49.663  INFO 8224 --- [localhost:27017] org.mongodb.driver.connection            : Opened connection [connectionId{localValue:1, serverValue:3537}] to localhost:27017
2019-07-08 11:35:49.672  INFO 8224 --- [localhost:27017] org.mongodb.driver.cluster               : Monitor thread successfully connected to server with description ServerDescription{address=localhost:27017, type=STANDALONE, state=CONNECTED, ok=true, version=ServerVersion{versionList=[4, 0, 10]}, minWireVersion=0, maxWireVersion=7, maxDocumentSize=16777216, logicalSessionTimeoutMinutes=30, roundTripTimeNanos=5197300}
2019-07-08 11:35:49.675  INFO 8224 --- [localhost:27017] org.mongodb.driver.cluster               : Discovered cluster type of STANDALONE
2019-07-08 11:35:51.281  INFO 8224 --- [           main] o.s.s.concurrent.ThreadPoolTaskExecutor  : Initializing ExecutorService 'applicationTaskExecutor'
2019-07-08 11:35:52.480  WARN 8224 --- [           main] o.s.w.c.s.GenericWebApplicationContext   : Exception encountered during context initialization - cancelling refresh attempt: org.springframework.beans.factory.BeanCreationException: Error creating bean with name 'schemaParser' defined in class path resource [com/oembedler/moon/graphql/boot/GraphQLJavaToolsAutoConfiguration.class]: Bean instantiation via factory method failed; nested exception is org.springframework.beans.BeanInstantiationException: Failed to instantiate [com.coxautodev.graphql.tools.SchemaParser]: Factory method 'schemaParser' threw exception; nested exception is com.coxautodev.graphql.tools.FieldResolverError: No method or field found with any of the following signatures (with or without one of [interface graphql.schema.DataFetchingEnvironment] as the last argument), in priority order:

  com.tricon.OrderSystem.resolvers.Query.getAllCustomers()
  com.tricon.OrderSystem.resolvers.Query.getGetAllCustomers()
  com.tricon.OrderSystem.resolvers.Query.getAllCustomers
2019-07-08 11:35:52.481  INFO 8224 --- [           main] o.s.s.concurrent.ThreadPoolTaskExecutor  : Shutting down ExecutorService 'applicationTaskExecutor'
2019-07-08 11:35:52.498  INFO 8224 --- [           main] ConditionEvaluationReportLoggingListener : 

Error starting ApplicationContext. To display the conditions report re-run your application with 'debug' enabled.
2019-07-08 11:35:52.511 ERROR 8224 --- [           main] o.s.boot.SpringApplication               : Application run failed

org.springframework.beans.factory.BeanCreationException: Error creating bean with name 'schemaParser' defined in class path resource [com/oembedler/moon/graphql/boot/GraphQLJavaToolsAutoConfiguration.class]: Bean instantiation via factory method failed; nested exception is org.springframework.beans.BeanInstantiationException: Failed to instantiate [com.coxautodev.graphql.tools.SchemaParser]: Factory method 'schemaParser' threw exception; nested exception is com.coxautodev.graphql.tools.FieldResolverError: No method or field found with any of the following signatures (with or without one of [interface graphql.schema.DataFetchingEnvironment] as the last argument), in priority order:

  com.tricon.OrderSystem.resolvers.Query.getAllCustomers()
  com.tricon.OrderSystem.resolvers.Query.getGetAllCustomers()
  com.tricon.OrderSystem.resolvers.Query.getAllCustomers
	at org.springframework.beans.factory.support.ConstructorResolver.instantiate(ConstructorResolver.java:627) ~[spring-beans-5.1.8.RELEASE.jar:5.1.8.RELEASE]
	at org.springframework.beans.factory.support.ConstructorResolver.instantiateUsingFactoryMethod(ConstructorResolver.java:607) ~[spring-beans-5.1.8.RELEASE.jar:5.1.8.RELEASE]
	at org.springframework.beans.factory.support.AbstractAutowireCapableBeanFactory.instantiateUsingFactoryMethod(AbstractAutowireCapableBeanFactory.java:1321) ~[spring-beans-5.1.8.RELEASE.jar:5.1.8.RELEASE]
	at org.springframework.beans.factory.support.AbstractAutowireCapableBeanFactory.createBeanInstance(AbstractAutowireCapableBeanFactory.java:1160) ~[spring-beans-5.1.8.RELEASE.jar:5.1.8.RELEASE]
	at org.springframework.beans.factory.support.AbstractAutowireCapableBeanFactory.doCreateBean(AbstractAutowireCapableBeanFactory.java:555) ~[spring-beans-5.1.8.RELEASE.jar:5.1.8.RELEASE]
	at org.springframework.beans.factory.support.AbstractAutowireCapableBeanFactory.createBean(AbstractAutowireCapableBeanFactory.java:515) ~[spring-beans-5.1.8.RELEASE.jar:5.1.8.RELEASE]
	at org.springframework.beans.factory.support.AbstractBeanFactory.lambda$doGetBean$0(AbstractBeanFactory.java:320) ~[spring-beans-5.1.8.RELEASE.jar:5.1.8.RELEASE]
	at org.springframework.beans.factory.support.DefaultSingletonBeanRegistry.getSingleton(DefaultSingletonBeanRegistry.java:222) ~[spring-beans-5.1.8.RELEASE.jar:5.1.8.RELEASE]
	at org.springframework.beans.factory.support.AbstractBeanFactory.doGetBean(AbstractBeanFactory.java:318) ~[spring-beans-5.1.8.RELEASE.jar:5.1.8.RELEASE]
	at org.springframework.beans.factory.support.AbstractBeanFactory.getBean(AbstractBeanFactory.java:199) ~[spring-beans-5.1.8.RELEASE.jar:5.1.8.RELEASE]
	at org.springframework.beans.factory.support.DefaultListableBeanFactory.preInstantiateSingletons(DefaultListableBeanFactory.java:845) ~[spring-beans-5.1.8.RELEASE.jar:5.1.8.RELEASE]
	at org.springframework.context.support.AbstractApplicationContext.finishBeanFactoryInitialization(AbstractApplicationContext.java:877) ~[spring-context-5.1.8.RELEASE.jar:5.1.8.RELEASE]
	at org.springframework.context.support.AbstractApplicationContext.refresh(AbstractApplicationContext.java:549) ~[spring-context-5.1.8.RELEASE.jar:5.1.8.RELEASE]
	at org.springframework.boot.SpringApplication.refresh(SpringApplication.java:742) ~[spring-boot-2.1.6.RELEASE.jar:2.1.6.RELEASE]
	at org.springframework.boot.SpringApplication.refreshContext(SpringApplication.java:389) ~[spring-boot-2.1.6.RELEASE.jar:2.1.6.RELEASE]
	at org.springframework.boot.SpringApplication.run(SpringApplication.java:311) ~[spring-boot-2.1.6.RELEASE.jar:2.1.6.RELEASE]
	at org.springframework.boot.test.context.SpringBootContextLoader.loadContext(SpringBootContextLoader.java:119) [spring-boot-test-2.1.6.RELEASE.jar:2.1.6.RELEASE]
	at org.springframework.test.context.cache.DefaultCacheAwareContextLoaderDelegate.loadContextInternal(DefaultCacheAwareContextLoaderDelegate.java:99) [spring-test-5.1.8.RELEASE.jar:5.1.8.RELEASE]
	at org.springframework.test.context.cache.DefaultCacheAwareContextLoaderDelegate.loadContext(DefaultCacheAwareContextLoaderDelegate.java:117) [spring-test-5.1.8.RELEASE.jar:5.1.8.RELEASE]
	at org.springframework.test.context.support.DefaultTestContext.getApplicationContext(DefaultTestContext.java:108) [spring-test-5.1.8.RELEASE.jar:5.1.8.RELEASE]
	at org.springframework.test.context.web.ServletTestExecutionListener.setUpRequestContextIfNecessary(ServletTestExecutionListener.java:190) [spring-test-5.1.8.RELEASE.jar:5.1.8.RELEASE]
	at org.springframework.test.context.web.ServletTestExecutionListener.prepareTestInstance(ServletTestExecutionListener.java:132) [spring-test-5.1.8.RELEASE.jar:5.1.8.RELEASE]
	at org.springframework.test.context.TestContextManager.prepareTestInstance(TestContextManager.java:246) [spring-test-5.1.8.RELEASE.jar:5.1.8.RELEASE]
	at org.springframework.test.context.junit4.SpringJUnit4ClassRunner.createTest(SpringJUnit4ClassRunner.java:227) [spring-test-5.1.8.RELEASE.jar:5.1.8.RELEASE]
	at org.springframework.test.context.junit4.SpringJUnit4ClassRunner$1.runReflectiveCall(SpringJUnit4ClassRunner.java:289) [spring-test-5.1.8.RELEASE.jar:5.1.8.RELEASE]
	at org.junit.internal.runners.model.ReflectiveCallable.run(ReflectiveCallable.java:12) [junit-4.12.jar:4.12]
	at org.springframework.test.context.junit4.SpringJUnit4ClassRunner.methodBlock(SpringJUnit4ClassRunner.java:291) [spring-test-5.1.8.RELEASE.jar:5.1.8.RELEASE]
	at org.springframework.test.context.junit4.SpringJUnit4ClassRunner.runChild(SpringJUnit4ClassRunner.java:246) [spring-test-5.1.8.RELEASE.jar:5.1.8.RELEASE]
	at org.springframework.test.context.junit4.SpringJUnit4ClassRunner.runChild(SpringJUnit4ClassRunner.java:97) [spring-test-5.1.8.RELEASE.jar:5.1.8.RELEASE]
	at org.junit.runners.ParentRunner$3.run(ParentRunner.java:290) [junit-4.12.jar:4.12]
	at org.junit.runners.ParentRunner$1.schedule(ParentRunner.java:71) [junit-4.12.jar:4.12]
	at org.junit.runners.ParentRunner.runChildren(ParentRunner.java:288) [junit-4.12.jar:4.12]
	at org.junit.runners.ParentRunner.access$000(ParentRunner.java:58) [junit-4.12.jar:4.12]
	at org.junit.runners.ParentRunner$2.evaluate(ParentRunner.java:268) [junit-4.12.jar:4.12]
	at org.springframework.test.context.junit4.statements.RunBeforeTestClassCallbacks.evaluate(RunBeforeTestClassCallbacks.java:61) [spring-test-5.1.8.RELEASE.jar:5.1.8.RELEASE]
	at org.springframework.test.context.junit4.statements.RunAfterTestClassCallbacks.evaluate(RunAfterTestClassCallbacks.java:70) [spring-test-5.1.8.RELEASE.jar:5.1.8.RELEASE]
	at org.junit.runners.ParentRunner.run(ParentRunner.java:363) [junit-4.12.jar:4.12]
	at org.springframework.test.context.junit4.SpringJUnit4ClassRunner.run(SpringJUnit4ClassRunner.java:190) [spring-test-5.1.8.RELEASE.jar:5.1.8.RELEASE]
	at org.apache.maven.surefire.junit4.JUnit4Provider.execute(JUnit4Provider.java:365) [surefire-junit4-2.22.2.jar:2.22.2]
	at org.apache.maven.surefire.junit4.JUnit4Provider.executeWithRerun(JUnit4Provider.java:273) [surefire-junit4-2.22.2.jar:2.22.2]
	at org.apache.maven.surefire.junit4.JUnit4Provider.executeTestSet(JUnit4Provider.java:238) [surefire-junit4-2.22.2.jar:2.22.2]
	at org.apache.maven.surefire.junit4.JUnit4Provider.invoke(JUnit4Provider.java:159) [surefire-junit4-2.22.2.jar:2.22.2]
	at org.apache.maven.surefire.booter.ForkedBooter.invokeProviderInSameClassLoader(ForkedBooter.java:384) [surefire-booter-2.22.2.jar:2.22.2]
	at org.apache.maven.surefire.booter.ForkedBooter.runSuitesInProcess(ForkedBooter.java:345) [surefire-booter-2.22.2.jar:2.22.2]
	at org.apache.maven.surefire.booter.ForkedBooter.execute(ForkedBooter.java:126) [surefire-booter-2.22.2.jar:2.22.2]
	at org.apache.maven.surefire.booter.ForkedBooter.main(ForkedBooter.java:418) [surefire-booter-2.22.2.jar:2.22.2]
Caused by: org.springframework.beans.BeanInstantiationException: Failed to instantiate [com.coxautodev.graphql.tools.SchemaParser]: Factory method 'schemaParser' threw exception; nested exception is com.coxautodev.graphql.tools.FieldResolverError: No method or field found with any of the following signatures (with or without one of [interface graphql.schema.DataFetchingEnvironment] as the last argument), in priority order:

  com.tricon.OrderSystem.resolvers.Query.getAllCustomers()
  com.tricon.OrderSystem.resolvers.Query.getGetAllCustomers()
  com.tricon.OrderSystem.resolvers.Query.getAllCustomers
	at org.springframework.beans.factory.support.SimpleInstantiationStrategy.instantiate(SimpleInstantiationStrategy.java:185) ~[spring-beans-5.1.8.RELEASE.jar:5.1.8.RELEASE]
	at org.springframework.beans.factory.support.ConstructorResolver.instantiate(ConstructorResolver.java:622) ~[spring-beans-5.1.8.RELEASE.jar:5.1.8.RELEASE]
	... 45 common frames omitted
Caused by: com.coxautodev.graphql.tools.FieldResolverError: No method or field found with any of the following signatures (with or without one of [interface graphql.schema.DataFetchingEnvironment] as the last argument), in priority order:

  com.tricon.OrderSystem.resolvers.Query.getAllCustomers()
  com.tricon.OrderSystem.resolvers.Query.getGetAllCustomers()
  com.tricon.OrderSystem.resolvers.Query.getAllCustomers
	at com.coxautodev.graphql.tools.FieldResolverScanner.missingFieldResolver(FieldResolverScanner.kt:51) ~[graphql-java-tools-5.2.4.jar:na]
	at com.coxautodev.graphql.tools.FieldResolverScanner.findFieldResolver(FieldResolverScanner.kt:42) ~[graphql-java-tools-5.2.4.jar:na]
	at com.coxautodev.graphql.tools.SchemaClassScanner.scanResolverInfoForPotentialMatches(SchemaClassScanner.kt:227) ~[graphql-java-tools-5.2.4.jar:na]
	at com.coxautodev.graphql.tools.SchemaClassScanner.handleRootType(SchemaClassScanner.kt:122) ~[graphql-java-tools-5.2.4.jar:na]
	at com.coxautodev.graphql.tools.SchemaClassScanner.scanForClasses(SchemaClassScanner.kt:80) ~[graphql-java-tools-5.2.4.jar:na]
	at com.coxautodev.graphql.tools.SchemaParserBuilder.scan(SchemaParserBuilder.kt:151) ~[graphql-java-tools-5.2.4.jar:na]
	at com.coxautodev.graphql.tools.SchemaParserBuilder.build(SchemaParserBuilder.kt:157) ~[graphql-java-tools-5.2.4.jar:na]
	at com.oembedler.moon.graphql.boot.GraphQLJavaToolsAutoConfiguration.schemaParser(GraphQLJavaToolsAutoConfiguration.java:57) ~[graphql-spring-boot-autoconfigure-5.0.2.jar:na]
	at com.oembedler.moon.graphql.boot.GraphQLJavaToolsAutoConfiguration$$EnhancerBySpringCGLIB$$7e8cf393.CGLIB$schemaParser$1(<generated>) ~[graphql-spring-boot-autoconfigure-5.0.2.jar:na]
	at com.oembedler.moon.graphql.boot.GraphQLJavaToolsAutoConfiguration$$EnhancerBySpringCGLIB$$7e8cf393$$FastClassBySpringCGLIB$$ed261e78.invoke(<generated>) ~[graphql-spring-boot-autoconfigure-5.0.2.jar:na]
	at org.springframework.cglib.proxy.MethodProxy.invokeSuper(MethodProxy.java:244) ~[spring-core-5.1.8.RELEASE.jar:5.1.8.RELEASE]
	at org.springframework.context.annotation.ConfigurationClassEnhancer$BeanMethodInterceptor.intercept(ConfigurationClassEnhancer.java:363) ~[spring-context-5.1.8.RELEASE.jar:5.1.8.RELEASE]
	at com.oembedler.moon.graphql.boot.GraphQLJavaToolsAutoConfiguration$$EnhancerBySpringCGLIB$$7e8cf393.schemaParser(<generated>) ~[graphql-spring-boot-autoconfigure-5.0.2.jar:na]
	at sun.reflect.NativeMethodAccessorImpl.invoke0(Native Method) ~[na:1.8.0_201]
	at sun.reflect.NativeMethodAccessorImpl.invoke(NativeMethodAccessorImpl.java:62) ~[na:1.8.0_201]
	at sun.reflect.DelegatingMethodAccessorImpl.invoke(DelegatingMethodAccessorImpl.java:43) ~[na:1.8.0_201]
	at java.lang.reflect.Method.invoke(Method.java:498) ~[na:1.8.0_201]
	at org.springframework.beans.factory.support.SimpleInstantiationStrategy.instantiate(SimpleInstantiationStrategy.java:154) ~[spring-beans-5.1.8.RELEASE.jar:5.1.8.RELEASE]
	... 46 common frames omitted

2019-07-08 11:35:52.516 ERROR 8224 --- [           main] o.s.test.context.TestContextManager      : Caught exception while allowing TestExecutionListener [org.springframework.test.context.web.ServletTestExecutionListener@799f10e1] to prepare test instance [com.tricon.OrderSystem.OrderSystemApplicationTests@35c4e864]

java.lang.IllegalStateException: Failed to load ApplicationContext
	at org.springframework.test.context.cache.DefaultCacheAwareContextLoaderDelegate.loadContext(DefaultCacheAwareContextLoaderDelegate.java:125) ~[spring-test-5.1.8.RELEASE.jar:5.1.8.RELEASE]
	at org.springframework.test.context.support.DefaultTestContext.getApplicationContext(DefaultTestContext.java:108) ~[spring-test-5.1.8.RELEASE.jar:5.1.8.RELEASE]
	at org.springframework.test.context.web.ServletTestExecutionListener.setUpRequestContextIfNecessary(ServletTestExecutionListener.java:190) ~[spring-test-5.1.8.RELEASE.jar:5.1.8.RELEASE]
	at org.springframework.test.context.web.ServletTestExecutionListener.prepareTestInstance(ServletTestExecutionListener.java:132) ~[spring-test-5.1.8.RELEASE.jar:5.1.8.RELEASE]
	at org.springframework.test.context.TestContextManager.prepareTestInstance(TestContextManager.java:246) ~[spring-test-5.1.8.RELEASE.jar:5.1.8.RELEASE]
	at org.springframework.test.context.junit4.SpringJUnit4ClassRunner.createTest(SpringJUnit4ClassRunner.java:227) [spring-test-5.1.8.RELEASE.jar:5.1.8.RELEASE]
	at org.springframework.test.context.junit4.SpringJUnit4ClassRunner$1.runReflectiveCall(SpringJUnit4ClassRunner.java:289) [spring-test-5.1.8.RELEASE.jar:5.1.8.RELEASE]
	at org.junit.internal.runners.model.ReflectiveCallable.run(ReflectiveCallable.java:12) [junit-4.12.jar:4.12]
	at org.springframework.test.context.junit4.SpringJUnit4ClassRunner.methodBlock(SpringJUnit4ClassRunner.java:291) [spring-test-5.1.8.RELEASE.jar:5.1.8.RELEASE]
	at org.springframework.test.context.junit4.SpringJUnit4ClassRunner.runChild(SpringJUnit4ClassRunner.java:246) [spring-test-5.1.8.RELEASE.jar:5.1.8.RELEASE]
	at org.springframework.test.context.junit4.SpringJUnit4ClassRunner.runChild(SpringJUnit4ClassRunner.java:97) [spring-test-5.1.8.RELEASE.jar:5.1.8.RELEASE]
	at org.junit.runners.ParentRunner$3.run(ParentRunner.java:290) [junit-4.12.jar:4.12]
	at org.junit.runners.ParentRunner$1.schedule(ParentRunner.java:71) [junit-4.12.jar:4.12]
	at org.junit.runners.ParentRunner.runChildren(ParentRunner.java:288) [junit-4.12.jar:4.12]
	at org.junit.runners.ParentRunner.access$000(ParentRunner.java:58) [junit-4.12.jar:4.12]
	at org.junit.runners.ParentRunner$2.evaluate(ParentRunner.java:268) [junit-4.12.jar:4.12]
	at org.springframework.test.context.junit4.statements.RunBeforeTestClassCallbacks.evaluate(RunBeforeTestClassCallbacks.java:61) [spring-test-5.1.8.RELEASE.jar:5.1.8.RELEASE]
	at org.springframework.test.context.junit4.statements.RunAfterTestClassCallbacks.evaluate(RunAfterTestClassCallbacks.java:70) [spring-test-5.1.8.RELEASE.jar:5.1.8.RELEASE]
	at org.junit.runners.ParentRunner.run(ParentRunner.java:363) [junit-4.12.jar:4.12]
	at org.springframework.test.context.junit4.SpringJUnit4ClassRunner.run(SpringJUnit4ClassRunner.java:190) [spring-test-5.1.8.RELEASE.jar:5.1.8.RELEASE]
	at org.apache.maven.surefire.junit4.JUnit4Provider.execute(JUnit4Provider.java:365) [surefire-junit4-2.22.2.jar:2.22.2]
	at org.apache.maven.surefire.junit4.JUnit4Provider.executeWithRerun(JUnit4Provider.java:273) [surefire-junit4-2.22.2.jar:2.22.2]
	at org.apache.maven.surefire.junit4.JUnit4Provider.executeTestSet(JUnit4Provider.java:238) [surefire-junit4-2.22.2.jar:2.22.2]
	at org.apache.maven.surefire.junit4.JUnit4Provider.invoke(JUnit4Provider.java:159) [surefire-junit4-2.22.2.jar:2.22.2]
	at org.apache.maven.surefire.booter.ForkedBooter.invokeProviderInSameClassLoader(ForkedBooter.java:384) [surefire-booter-2.22.2.jar:2.22.2]
	at org.apache.maven.surefire.booter.ForkedBooter.runSuitesInProcess(ForkedBooter.java:345) [surefire-booter-2.22.2.jar:2.22.2]
	at org.apache.maven.surefire.booter.ForkedBooter.execute(ForkedBooter.java:126) [surefire-booter-2.22.2.jar:2.22.2]
	at org.apache.maven.surefire.booter.ForkedBooter.main(ForkedBooter.java:418) [surefire-booter-2.22.2.jar:2.22.2]
Caused by: org.springframework.beans.factory.BeanCreationException: Error creating bean with name 'schemaParser' defined in class path resource [com/oembedler/moon/graphql/boot/GraphQLJavaToolsAutoConfiguration.class]: Bean instantiation via factory method failed; nested exception is org.springframework.beans.BeanInstantiationException: Failed to instantiate [com.coxautodev.graphql.tools.SchemaParser]: Factory method 'schemaParser' threw exception; nested exception is com.coxautodev.graphql.tools.FieldResolverError: No method or field found with any of the following signatures (with or without one of [interface graphql.schema.DataFetchingEnvironment] as the last argument), in priority order:

  com.tricon.OrderSystem.resolvers.Query.getAllCustomers()
  com.tricon.OrderSystem.resolvers.Query.getGetAllCustomers()
  com.tricon.OrderSystem.resolvers.Query.getAllCustomers
	at org.springframework.beans.factory.support.ConstructorResolver.instantiate(ConstructorResolver.java:627) ~[spring-beans-5.1.8.RELEASE.jar:5.1.8.RELEASE]
	at org.springframework.beans.factory.support.ConstructorResolver.instantiateUsingFactoryMethod(ConstructorResolver.java:607) ~[spring-beans-5.1.8.RELEASE.jar:5.1.8.RELEASE]
	at org.springframework.beans.factory.support.AbstractAutowireCapableBeanFactory.instantiateUsingFactoryMethod(AbstractAutowireCapableBeanFactory.java:1321) ~[spring-beans-5.1.8.RELEASE.jar:5.1.8.RELEASE]
	at org.springframework.beans.factory.support.AbstractAutowireCapableBeanFactory.createBeanInstance(AbstractAutowireCapableBeanFactory.java:1160) ~[spring-beans-5.1.8.RELEASE.jar:5.1.8.RELEASE]
	at org.springframework.beans.factory.support.AbstractAutowireCapableBeanFactory.doCreateBean(AbstractAutowireCapableBeanFactory.java:555) ~[spring-beans-5.1.8.RELEASE.jar:5.1.8.RELEASE]
	at org.springframework.beans.factory.support.AbstractAutowireCapableBeanFactory.createBean(AbstractAutowireCapableBeanFactory.java:515) ~[spring-beans-5.1.8.RELEASE.jar:5.1.8.RELEASE]
	at org.springframework.beans.factory.support.AbstractBeanFactory.lambda$doGetBean$0(AbstractBeanFactory.java:320) ~[spring-beans-5.1.8.RELEASE.jar:5.1.8.RELEASE]
	at org.springframework.beans.factory.support.DefaultSingletonBeanRegistry.getSingleton(DefaultSingletonBeanRegistry.java:222) ~[spring-beans-5.1.8.RELEASE.jar:5.1.8.RELEASE]
	at org.springframework.beans.factory.support.AbstractBeanFactory.doGetBean(AbstractBeanFactory.java:318) ~[spring-beans-5.1.8.RELEASE.jar:5.1.8.RELEASE]
	at org.springframework.beans.factory.support.AbstractBeanFactory.getBean(AbstractBeanFactory.java:199) ~[spring-beans-5.1.8.RELEASE.jar:5.1.8.RELEASE]
	at org.springframework.beans.factory.support.DefaultListableBeanFactory.preInstantiateSingletons(DefaultListableBeanFactory.java:845) ~[spring-beans-5.1.8.RELEASE.jar:5.1.8.RELEASE]
	at org.springframework.context.support.AbstractApplicationContext.finishBeanFactoryInitialization(AbstractApplicationContext.java:877) ~[spring-context-5.1.8.RELEASE.jar:5.1.8.RELEASE]
	at org.springframework.context.support.AbstractApplicationContext.refresh(AbstractApplicationContext.java:549) ~[spring-context-5.1.8.RELEASE.jar:5.1.8.RELEASE]
	at org.springframework.boot.SpringApplication.refresh(SpringApplication.java:742) ~[spring-boot-2.1.6.RELEASE.jar:2.1.6.RELEASE]
	at org.springframework.boot.SpringApplication.refreshContext(SpringApplication.java:389) ~[spring-boot-2.1.6.RELEASE.jar:2.1.6.RELEASE]
	at org.springframework.boot.SpringApplication.run(SpringApplication.java:311) ~[spring-boot-2.1.6.RELEASE.jar:2.1.6.RELEASE]
	at org.springframework.boot.test.context.SpringBootContextLoader.loadContext(SpringBootContextLoader.java:119) ~[spring-boot-test-2.1.6.RELEASE.jar:2.1.6.RELEASE]
	at org.springframework.test.context.cache.DefaultCacheAwareContextLoaderDelegate.loadContextInternal(DefaultCacheAwareContextLoaderDelegate.java:99) ~[spring-test-5.1.8.RELEASE.jar:5.1.8.RELEASE]
	at org.springframework.test.context.cache.DefaultCacheAwareContextLoaderDelegate.loadContext(DefaultCacheAwareContextLoaderDelegate.java:117) ~[spring-test-5.1.8.RELEASE.jar:5.1.8.RELEASE]
	... 27 common frames omitted
Caused by: org.springframework.beans.BeanInstantiationException: Failed to instantiate [com.coxautodev.graphql.tools.SchemaParser]: Factory method 'schemaParser' threw exception; nested exception is com.coxautodev.graphql.tools.FieldResolverError: No method or field found with any of the following signatures (with or without one of [interface graphql.schema.DataFetchingEnvironment] as the last argument), in priority order:

  com.tricon.OrderSystem.resolvers.Query.getAllCustomers()
  com.tricon.OrderSystem.resolvers.Query.getGetAllCustomers()
  com.tricon.OrderSystem.resolvers.Query.getAllCustomers
	at org.springframework.beans.factory.support.SimpleInstantiationStrategy.instantiate(SimpleInstantiationStrategy.java:185) ~[spring-beans-5.1.8.RELEASE.jar:5.1.8.RELEASE]
	at org.springframework.beans.factory.support.ConstructorResolver.instantiate(ConstructorResolver.java:622) ~[spring-beans-5.1.8.RELEASE.jar:5.1.8.RELEASE]
	... 45 common frames omitted
Caused by: com.coxautodev.graphql.tools.FieldResolverError: No method or field found with any of the following signatures (with or without one of [interface graphql.schema.DataFetchingEnvironment] as the last argument), in priority order:

  com.tricon.OrderSystem.resolvers.Query.getAllCustomers()
  com.tricon.OrderSystem.resolvers.Query.getGetAllCustomers()
  com.tricon.OrderSystem.resolvers.Query.getAllCustomers
	at com.coxautodev.graphql.tools.FieldResolverScanner.missingFieldResolver(FieldResolverScanner.kt:51) ~[graphql-java-tools-5.2.4.jar:na]
	at com.coxautodev.graphql.tools.FieldResolverScanner.findFieldResolver(FieldResolverScanner.kt:42) ~[graphql-java-tools-5.2.4.jar:na]
	at com.coxautodev.graphql.tools.SchemaClassScanner.scanResolverInfoForPotentialMatches(SchemaClassScanner.kt:227) ~[graphql-java-tools-5.2.4.jar:na]
	at com.coxautodev.graphql.tools.SchemaClassScanner.handleRootType(SchemaClassScanner.kt:122) ~[graphql-java-tools-5.2.4.jar:na]
	at com.coxautodev.graphql.tools.SchemaClassScanner.scanForClasses(SchemaClassScanner.kt:80) ~[graphql-java-tools-5.2.4.jar:na]
	at com.coxautodev.graphql.tools.SchemaParserBuilder.scan(SchemaParserBuilder.kt:151) ~[graphql-java-tools-5.2.4.jar:na]
	at com.coxautodev.graphql.tools.SchemaParserBuilder.build(SchemaParserBuilder.kt:157) ~[graphql-java-tools-5.2.4.jar:na]
	at com.oembedler.moon.graphql.boot.GraphQLJavaToolsAutoConfiguration.schemaParser(GraphQLJavaToolsAutoConfiguration.java:57) ~[graphql-spring-boot-autoconfigure-5.0.2.jar:na]
	at com.oembedler.moon.graphql.boot.GraphQLJavaToolsAutoConfiguration$$EnhancerBySpringCGLIB$$7e8cf393.CGLIB$schemaParser$1(<generated>) ~[graphql-spring-boot-autoconfigure-5.0.2.jar:na]
	at com.oembedler.moon.graphql.boot.GraphQLJavaToolsAutoConfiguration$$EnhancerBySpringCGLIB$$7e8cf393$$FastClassBySpringCGLIB$$ed261e78.invoke(<generated>) ~[graphql-spring-boot-autoconfigure-5.0.2.jar:na]
	at org.springframework.cglib.proxy.MethodProxy.invokeSuper(MethodProxy.java:244) ~[spring-core-5.1.8.RELEASE.jar:5.1.8.RELEASE]
	at org.springframework.context.annotation.ConfigurationClassEnhancer$BeanMethodInterceptor.intercept(ConfigurationClassEnhancer.java:363) ~[spring-context-5.1.8.RELEASE.jar:5.1.8.RELEASE]
	at com.oembedler.moon.graphql.boot.GraphQLJavaToolsAutoConfiguration$$EnhancerBySpringCGLIB$$7e8cf393.schemaParser(<generated>) ~[graphql-spring-boot-autoconfigure-5.0.2.jar:na]
	at sun.reflect.NativeMethodAccessorImpl.invoke0(Native Method) ~[na:1.8.0_201]
	at sun.reflect.NativeMethodAccessorImpl.invoke(NativeMethodAccessorImpl.java:62) ~[na:1.8.0_201]
	at sun.reflect.DelegatingMethodAccessorImpl.invoke(DelegatingMethodAccessorImpl.java:43) ~[na:1.8.0_201]
	at java.lang.reflect.Method.invoke(Method.java:498) ~[na:1.8.0_201]
	at org.springframework.beans.factory.support.SimpleInstantiationStrategy.instantiate(SimpleInstantiationStrategy.java:154) ~[spring-beans-5.1.8.RELEASE.jar:5.1.8.RELEASE]
	... 46 common frames omitted

]]></system-out>
  </testcase>
</testsuite>